<?xml version="1.0" encoding="UTF-8"?>
<testsuite name="com.yelstream.time.build.DurationsSpec" tests="4" skipped="0" failures="0" errors="0" timestamp="2021-12-19T04:04:11" hostname="DESKTOP-KI53BD9" time="0.09">
  <properties/>
  <testcase name="Computing duration after calender date according to fixed clock [calendarDate: 2021-01-20, clockStartTime: 2021-01-25T15:00, expectedDuration: PT111H, #0]" classname="com.yelstream.time.build.DurationsSpec" time="0.085"/>
  <testcase name="Computing duration after calender date according to fixed clock [calendarDate: 2021-07-20, clockStartTime: 2021-07-25T15:00, expectedDuration: PT111H, #1]" classname="com.yelstream.time.build.DurationsSpec" time="0.0"/>
  <testcase name="Computing duration after calender date according to running clock [calendarDate: 2021-01-20, clockStartTime: 2021-01-25T15:00, expectedDuration: PT111H, #0]" classname="com.yelstream.time.build.DurationsSpec" time="0.002"/>
  <testcase name="Computing duration after calender date according to running clock [calendarDate: 2021-07-20, clockStartTime: 2021-07-25T15:00, expectedDuration: PT111H, #1]" classname="com.yelstream.time.build.DurationsSpec" time="0.0"/>
  <system-out><![CDATA[]]></system-out>
  <system-err><![CDATA[]]></system-err>
</testsuite>
